Determining if the pthread_create exist failed with the following output:
Change Dir: /home/viresh/new_ws/build/eufs_launcher/CMakeFiles/CMakeTmp

Run Build Command:"/usr/bin/make" "cmTC_4c8bf/fast"
/usr/bin/make -f CMakeFiles/cmTC_4c8bf.dir/build.make CMakeFiles/cmTC_4c8bf.dir/build
make[1]: Entering directory '/home/viresh/new_ws/build/eufs_launcher/CMakeFiles/CMakeTmp'
Building C object CMakeFiles/cmTC_4c8bf.dir/CheckSymbolExists.c.o
/usr/bin/cc    -o CMakeFiles/cmTC_4c8bf.dir/CheckSymbolExists.c.o   -c /home/viresh/new_ws/build/eufs_launcher/CMakeFiles/CMakeTmp/CheckSymbolExists.c
Linking C executable cmTC_4c8bf
/usr/bin/cmake -E cmake_link_script CMakeFiles/cmTC_4c8bf.dir/link.txt --verbose=1
/usr/bin/cc      -rdynamic CMakeFiles/cmTC_4c8bf.dir/CheckSymbolExists.c.o  -o cmTC_4c8bf 
CMakeFiles/cmTC_4c8bf.dir/CheckSymbolExists.c.o: In function `main':
CheckSymbolExists.c:(.text+0x1b): undefined reference to `pthread_create'
collect2: error: ld returned 1 exit status
CMakeFiles/cmTC_4c8bf.dir/build.make:97: recipe for target 'cmTC_4c8bf' failed
make[1]: *** [cmTC_4c8bf] Error 1
make[1]: Leaving directory '/home/viresh/new_ws/build/eufs_launcher/CMakeFiles/CMakeTmp'
Makefile:126: recipe for target 'cmTC_4c8bf/fast' failed
make: *** [cmTC_4c8bf/fast] Error 2

File /home/viresh/new_ws/build/eufs_launcher/CMakeFiles/CMakeTmp/CheckSymbolExists.c:
/* */
#include <pthread.h>

int main(int argc, char** argv)
{
  (void)argv;
#ifndef pthread_create
  return ((int*)(&pthread_create))[argc];
#else
  (void)argc;
  return 0;
#endif
}

Determining if the function pthread_create exists in the pthreads failed with the following output:
Change Dir: /home/viresh/new_ws/build/eufs_launcher/CMakeFiles/CMakeTmp

Run Build Command:"/usr/bin/make" "cmTC_ddc21/fast"
/usr/bin/make -f CMakeFiles/cmTC_ddc21.dir/build.make CMakeFiles/cmTC_ddc21.dir/build
make[1]: Entering directory '/home/viresh/new_ws/build/eufs_launcher/CMakeFiles/CMakeTmp'
Building C object CMakeFiles/cmTC_ddc21.dir/CheckFunctionExists.c.o
/usr/bin/cc   -DCHECK_FUNCTION_EXISTS=pthread_create   -o CMakeFiles/cmTC_ddc21.dir/CheckFunctionExists.c.o   -c /usr/share/cmake-3.10/Modules/CheckFunctionExists.c
Linking C executable cmTC_ddc21
/usr/bin/cmake -E cmake_link_script CMakeFiles/cmTC_ddc21.dir/link.txt --verbose=1
/usr/bin/cc  -DCHECK_FUNCTION_EXISTS=pthread_create    -rdynamic CMakeFiles/cmTC_ddc21.dir/CheckFunctionExists.c.o  -o cmTC_ddc21 -lpthreads 
/usr/bin/ld: cannot find -lpthreads
collect2: error: ld returned 1 exit status
CMakeFiles/cmTC_ddc21.dir/build.make:97: recipe for target 'cmTC_ddc21' failed
make[1]: *** [cmTC_ddc21] Error 1
make[1]: Leaving directory '/home/viresh/new_ws/build/eufs_launcher/CMakeFiles/CMakeTmp'
Makefile:126: recipe for target 'cmTC_ddc21/fast' failed
make: *** [cmTC_ddc21/fast] Error 2


